{"C:\\Users\\salah\\Desktop\\abdos-2018\\BackEnd\\app.js": {"path":"C:\\Users\\salah\\Desktop\\abdos-2018\\BackEnd\\app.js","statementMap":{"0":{"start":{"line":1,"column":13},"end":{"line":1,"column":42}},"1":{"start":{"line":2,"column":14},"end":{"line":2,"column":45}},"2":{"start":{"line":3,"column":23},"end":{"line":3,"column":72}},"3":{"start":{"line":4,"column":11},"end":{"line":4,"column":32}},"4":{"start":{"line":6,"column":16},"end":{"line":6,"column":34}},"5":{"start":{"line":7,"column":13},"end":{"line":7,"column":28}},"6":{"start":{"line":8,"column":19},"end":{"line":8,"column":41}},"7":{"start":{"line":9,"column":12},"end":{"line":9,"column":21}},"8":{"start":{"line":10,"column":13},"end":{"line":10,"column":34}},"9":{"start":{"line":12,"column":0},"end":{"line":12,"column":26}},"10":{"start":{"line":13,"column":0},"end":{"line":13,"column":16}},"11":{"start":{"line":14,"column":0},"end":{"line":14,"column":25}},"12":{"start":{"line":15,"column":0},"end":{"line":15,"column":34}},"13":{"start":{"line":17,"column":21},"end":{"line":22,"column":1}},"14":{"start":{"line":24,"column":0},"end":{"line":31,"column":3}},"15":{"start":{"line":26,"column":4},"end":{"line":30,"column":6}},"16":{"start":{"line":28,"column":8},"end":{"line":28,"column":24}},"17":{"start":{"line":29,"column":8},"end":{"line":29,"column":30}},"18":{"start":{"line":33,"column":0},"end":{"line":53,"column":3}},"19":{"start":{"line":35,"column":19},"end":{"line":46,"column":5}},"20":{"start":{"line":48,"column":4},"end":{"line":52,"column":6}},"21":{"start":{"line":50,"column":8},"end":{"line":50,"column":24}},"22":{"start":{"line":51,"column":8},"end":{"line":51,"column":77}},"23":{"start":{"line":56,"column":0},"end":{"line":74,"column":3}},"24":{"start":{"line":58,"column":19},"end":{"line":64,"column":5}},"25":{"start":{"line":66,"column":4},"end":{"line":70,"column":6}},"26":{"start":{"line":68,"column":8},"end":{"line":68,"column":24}},"27":{"start":{"line":69,"column":8},"end":{"line":69,"column":72}},"28":{"start":{"line":76,"column":0},"end":{"line":83,"column":3}},"29":{"start":{"line":78,"column":4},"end":{"line":82,"column":6}},"30":{"start":{"line":80,"column":8},"end":{"line":80,"column":24}},"31":{"start":{"line":81,"column":8},"end":{"line":81,"column":24}},"32":{"start":{"line":87,"column":0},"end":{"line":100,"column":3}},"33":{"start":{"line":89,"column":22},"end":{"line":89,"column":31}},"34":{"start":{"line":91,"column":4},"end":{"line":99,"column":7}},"35":{"start":{"line":93,"column":8},"end":{"line":97,"column":9}},"36":{"start":{"line":94,"column":12},"end":{"line":94,"column":33}},"37":{"start":{"line":95,"column":12},"end":{"line":95,"column":40}},"38":{"start":{"line":96,"column":12},"end":{"line":96,"column":19}},"39":{"start":{"line":98,"column":8},"end":{"line":98,"column":39}},"40":{"start":{"line":102,"column":0},"end":{"line":102,"column":21}}},"fnMap":{"0":{"name":"(anonymous_0)","decl":{"start":{"line":24,"column":31},"end":{"line":24,"column":32}},"loc":{"start":{"line":24,"column":45},"end":{"line":31,"column":1}},"line":24},"1":{"name":"(anonymous_1)","decl":{"start":{"line":26,"column":31},"end":{"line":26,"column":32}},"loc":{"start":{"line":26,"column":60},"end":{"line":30,"column":5}},"line":26},"2":{"name":"(anonymous_2)","decl":{"start":{"line":33,"column":31},"end":{"line":33,"column":32}},"loc":{"start":{"line":33,"column":45},"end":{"line":53,"column":1}},"line":33},"3":{"name":"(anonymous_3)","decl":{"start":{"line":48,"column":38},"end":{"line":48,"column":39}},"loc":{"start":{"line":48,"column":50},"end":{"line":52,"column":5}},"line":48},"4":{"name":"(anonymous_4)","decl":{"start":{"line":56,"column":28},"end":{"line":56,"column":29}},"loc":{"start":{"line":56,"column":42},"end":{"line":74,"column":1}},"line":56},"5":{"name":"(anonymous_5)","decl":{"start":{"line":66,"column":37},"end":{"line":66,"column":38}},"loc":{"start":{"line":66,"column":49},"end":{"line":70,"column":5}},"line":66},"6":{"name":"(anonymous_6)","decl":{"start":{"line":76,"column":27},"end":{"line":76,"column":28}},"loc":{"start":{"line":76,"column":41},"end":{"line":83,"column":1}},"line":76},"7":{"name":"(anonymous_7)","decl":{"start":{"line":78,"column":30},"end":{"line":78,"column":31}},"loc":{"start":{"line":78,"column":53},"end":{"line":82,"column":5}},"line":78},"8":{"name":"(anonymous_8)","decl":{"start":{"line":87,"column":28},"end":{"line":87,"column":29}},"loc":{"start":{"line":87,"column":42},"end":{"line":100,"column":1}},"line":87},"9":{"name":"(anonymous_9)","decl":{"start":{"line":91,"column":59},"end":{"line":91,"column":60}},"loc":{"start":{"line":91,"column":76},"end":{"line":99,"column":5}},"line":91}},"branchMap":{"0":{"loc":{"start":{"line":93,"column":8},"end":{"line":97,"column":9}},"type":"if","locations":[{"start":{"line":93,"column":8},"end":{"line":97,"column":9}},{"start":{"line":93,"column":8},"end":{"line":97,"column":9}}],"line":93}},"s":{"0":1,"1":1,"2":1,"3":1,"4":1,"5":1,"6":1,"7":1,"8":1,"9":1,"10":1,"11":1,"12":1,"13":1,"14":1,"15":1,"16":1,"17":1,"18":1,"19":1,"20":1,"21":1,"22":1,"23":1,"24":1,"25":1,"26":1,"27":1,"28":1,"29":1,"30":1,"31":1,"32":1,"33":1,"34":1,"35":1,"36":1,"37":1,"38":1,"39":0,"40":1},"f":{"0":1,"1":1,"2":1,"3":1,"4":1,"5":1,"6":1,"7":1,"8":1,"9":1},"b":{"0":[1,0]},"_coverageSchema":"332fd63041d2c1bcb487cc26dd0d5f7d97098a6c","hash":"152db94ac4bffa0721729042a8e5b3a1f438e65d"}
,"C:\\Users\\salah\\Desktop\\abdos-2018\\BackEnd\\database.js": {"path":"C:\\Users\\salah\\Desktop\\abdos-2018\\BackEnd\\database.js","statementMap":{"0":{"start":{"line":1,"column":14},"end":{"line":1,"column":30}},"1":{"start":{"line":3,"column":0},"end":{"line":15,"column":2}},"2":{"start":{"line":5,"column":12},"end":{"line":10,"column":4}},"3":{"start":{"line":11,"column":1},"end":{"line":14,"column":4}},"4":{"start":{"line":12,"column":2},"end":{"line":12,"column":25}},"5":{"start":{"line":12,"column":11},"end":{"line":12,"column":25}},"6":{"start":{"line":13,"column":2},"end":{"line":13,"column":23}}},"fnMap":{"0":{"name":"(anonymous_0)","decl":{"start":{"line":3,"column":18},"end":{"line":3,"column":19}},"loc":{"start":{"line":3,"column":45},"end":{"line":15,"column":1}},"line":3},"1":{"name":"(anonymous_1)","decl":{"start":{"line":11,"column":14},"end":{"line":11,"column":15}},"loc":{"start":{"line":11,"column":28},"end":{"line":14,"column":2}},"line":11}},"branchMap":{"0":{"loc":{"start":{"line":12,"column":2},"end":{"line":12,"column":25}},"type":"if","locations":[{"start":{"line":12,"column":2},"end":{"line":12,"column":25}},{"start":{"line":12,"column":2},"end":{"line":12,"column":25}}],"line":12}},"s":{"0":5,"1":5,"2":16,"3":16,"4":16,"5":5,"6":16},"f":{"0":16,"1":16},"b":{"0":[5,11]},"_coverageSchema":"332fd63041d2c1bcb487cc26dd0d5f7d97098a6c","hash":"e808b5fe4d92d3dbcff46129eac804be096778fe"}
,"C:\\Users\\salah\\Desktop\\abdos-2018\\BackEnd\\models\\authentication\\authentication.js": {"path":"C:\\Users\\salah\\Desktop\\abdos-2018\\BackEnd\\models\\authentication\\authentication.js","statementMap":{"0":{"start":{"line":1,"column":11},"end":{"line":1,"column":36}},"1":{"start":{"line":3,"column":0},"end":{"line":57,"column":1}},"2":{"start":{"line":5,"column":4},"end":{"line":13,"column":5}},"3":{"start":{"line":7,"column":20},"end":{"line":10,"column":9}},"4":{"start":{"line":11,"column":8},"end":{"line":11,"column":22}},"5":{"start":{"line":12,"column":8},"end":{"line":12,"column":15}},"6":{"start":{"line":15,"column":4},"end":{"line":23,"column":5}},"7":{"start":{"line":17,"column":20},"end":{"line":20,"column":9}},"8":{"start":{"line":21,"column":8},"end":{"line":21,"column":22}},"9":{"start":{"line":22,"column":8},"end":{"line":22,"column":15}},"10":{"start":{"line":25,"column":4},"end":{"line":55,"column":7}},"11":{"start":{"line":27,"column":8},"end":{"line":31,"column":9}},"12":{"start":{"line":28,"column":12},"end":{"line":28,"column":27}},"13":{"start":{"line":29,"column":12},"end":{"line":29,"column":26}},"14":{"start":{"line":30,"column":12},"end":{"line":30,"column":19}},"15":{"start":{"line":33,"column":8},"end":{"line":54,"column":11}},"16":{"start":{"line":35,"column":12},"end":{"line":39,"column":13}},"17":{"start":{"line":36,"column":16},"end":{"line":36,"column":31}},"18":{"start":{"line":37,"column":16},"end":{"line":37,"column":30}},"19":{"start":{"line":38,"column":16},"end":{"line":38,"column":23}},"20":{"start":{"line":42,"column":12},"end":{"line":51,"column":13}},"21":{"start":{"line":43,"column":16},"end":{"line":43,"column":61}},"22":{"start":{"line":46,"column":28},"end":{"line":49,"column":17}},"23":{"start":{"line":50,"column":16},"end":{"line":50,"column":30}}},"fnMap":{"0":{"name":"(anonymous_0)","decl":{"start":{"line":3,"column":27},"end":{"line":3,"column":28}},"loc":{"start":{"line":3,"column":76},"end":{"line":57,"column":1}},"line":3},"1":{"name":"(anonymous_1)","decl":{"start":{"line":25,"column":24},"end":{"line":25,"column":25}},"loc":{"start":{"line":25,"column":45},"end":{"line":55,"column":5}},"line":25},"2":{"name":"(anonymous_2)","decl":{"start":{"line":33,"column":125},"end":{"line":33,"column":126}},"loc":{"start":{"line":33,"column":148},"end":{"line":54,"column":9}},"line":33}},"branchMap":{"0":{"loc":{"start":{"line":5,"column":4},"end":{"line":13,"column":5}},"type":"if","locations":[{"start":{"line":5,"column":4},"end":{"line":13,"column":5}},{"start":{"line":5,"column":4},"end":{"line":13,"column":5}}],"line":5},"1":{"loc":{"start":{"line":5,"column":8},"end":{"line":5,"column":84}},"type":"binary-expr","locations":[{"start":{"line":5,"column":8},"end":{"line":5,"column":37}},{"start":{"line":5,"column":41},"end":{"line":5,"column":84}}],"line":5},"2":{"loc":{"start":{"line":15,"column":4},"end":{"line":23,"column":5}},"type":"if","locations":[{"start":{"line":15,"column":4},"end":{"line":23,"column":5}},{"start":{"line":15,"column":4},"end":{"line":23,"column":5}}],"line":15},"3":{"loc":{"start":{"line":15,"column":8},"end":{"line":15,"column":95}},"type":"binary-expr","locations":[{"start":{"line":15,"column":8},"end":{"line":15,"column":31}},{"start":{"line":15,"column":35},"end":{"line":15,"column":63}},{"start":{"line":15,"column":67},"end":{"line":15,"column":95}}],"line":15},"4":{"loc":{"start":{"line":27,"column":8},"end":{"line":31,"column":9}},"type":"if","locations":[{"start":{"line":27,"column":8},"end":{"line":31,"column":9}},{"start":{"line":27,"column":8},"end":{"line":31,"column":9}}],"line":27},"5":{"loc":{"start":{"line":35,"column":12},"end":{"line":39,"column":13}},"type":"if","locations":[{"start":{"line":35,"column":12},"end":{"line":39,"column":13}},{"start":{"line":35,"column":12},"end":{"line":39,"column":13}}],"line":35},"6":{"loc":{"start":{"line":42,"column":12},"end":{"line":51,"column":13}},"type":"if","locations":[{"start":{"line":42,"column":12},"end":{"line":51,"column":13}},{"start":{"line":42,"column":12},"end":{"line":51,"column":13}}],"line":42},"7":{"loc":{"start":{"line":42,"column":16},"end":{"line":42,"column":43}},"type":"binary-expr","locations":[{"start":{"line":42,"column":16},"end":{"line":42,"column":22}},{"start":{"line":42,"column":26},"end":{"line":42,"column":43}}],"line":42}},"s":{"0":2,"1":2,"2":6,"3":2,"4":2,"5":2,"6":4,"7":1,"8":1,"9":1,"10":3,"11":4,"12":1,"13":1,"14":1,"15":3,"16":3,"17":1,"18":1,"19":1,"20":2,"21":1,"22":1,"23":1},"f":{"0":6,"1":4,"2":3},"b":{"0":[2,4],"1":[6,6],"2":[1,3],"3":[4,4,3],"4":[1,3],"5":[1,2],"6":[1,1],"7":[2,2]},"_coverageSchema":"332fd63041d2c1bcb487cc26dd0d5f7d97098a6c","hash":"8f39e3e4de2456c154c8a59e1c30010493021910"}
,"C:\\Users\\salah\\Desktop\\abdos-2018\\BackEnd\\models\\items\\items.js": {"path":"C:\\Users\\salah\\Desktop\\abdos-2018\\BackEnd\\models\\items\\items.js","statementMap":{"0":{"start":{"line":1,"column":11},"end":{"line":1,"column":36}},"1":{"start":{"line":3,"column":0},"end":{"line":17,"column":2}},"2":{"start":{"line":4,"column":1},"end":{"line":16,"column":4}},"3":{"start":{"line":6,"column":2},"end":{"line":9,"column":9}},"4":{"start":{"line":7,"column":3},"end":{"line":7,"column":17}},"5":{"start":{"line":8,"column":3},"end":{"line":8,"column":10}},"6":{"start":{"line":11,"column":8},"end":{"line":15,"column":5}},"7":{"start":{"line":13,"column":4},"end":{"line":13,"column":32}},"8":{"start":{"line":19,"column":0},"end":{"line":31,"column":2}},"9":{"start":{"line":20,"column":1},"end":{"line":30,"column":4}},"10":{"start":{"line":22,"column":2},"end":{"line":25,"column":3}},"11":{"start":{"line":23,"column":3},"end":{"line":23,"column":17}},"12":{"start":{"line":24,"column":3},"end":{"line":24,"column":10}},"13":{"start":{"line":26,"column":2},"end":{"line":29,"column":5}},"14":{"start":{"line":28,"column":3},"end":{"line":28,"column":25}}},"fnMap":{"0":{"name":"(anonymous_0)","decl":{"start":{"line":3,"column":24},"end":{"line":3,"column":25}},"loc":{"start":{"line":3,"column":51},"end":{"line":17,"column":1}},"line":3},"1":{"name":"(anonymous_1)","decl":{"start":{"line":4,"column":21},"end":{"line":4,"column":22}},"loc":{"start":{"line":4,"column":40},"end":{"line":16,"column":2}},"line":4},"2":{"name":"(anonymous_2)","decl":{"start":{"line":11,"column":45},"end":{"line":11,"column":46}},"loc":{"start":{"line":11,"column":74},"end":{"line":15,"column":3}},"line":11},"3":{"name":"(anonymous_3)","decl":{"start":{"line":19,"column":21},"end":{"line":19,"column":22}},"loc":{"start":{"line":19,"column":58},"end":{"line":31,"column":1}},"line":19},"4":{"name":"(anonymous_4)","decl":{"start":{"line":20,"column":21},"end":{"line":20,"column":22}},"loc":{"start":{"line":20,"column":40},"end":{"line":30,"column":2}},"line":20},"5":{"name":"(anonymous_5)","decl":{"start":{"line":26,"column":363},"end":{"line":26,"column":364}},"loc":{"start":{"line":26,"column":383},"end":{"line":29,"column":3}},"line":26}},"branchMap":{"0":{"loc":{"start":{"line":6,"column":2},"end":{"line":9,"column":9}},"type":"if","locations":[{"start":{"line":6,"column":2},"end":{"line":9,"column":9}},{"start":{"line":6,"column":2},"end":{"line":9,"column":9}}],"line":6},"1":{"loc":{"start":{"line":22,"column":2},"end":{"line":25,"column":3}},"type":"if","locations":[{"start":{"line":22,"column":2},"end":{"line":25,"column":3}},{"start":{"line":22,"column":2},"end":{"line":25,"column":3}}],"line":22}},"s":{"0":2,"1":2,"2":3,"3":4,"4":1,"5":1,"6":3,"7":3,"8":2,"9":3,"10":4,"11":1,"12":1,"13":3,"14":3},"f":{"0":3,"1":4,"2":3,"3":3,"4":4,"5":3},"b":{"0":[1,3],"1":[1,3]},"_coverageSchema":"332fd63041d2c1bcb487cc26dd0d5f7d97098a6c","hash":"f2dfbcbb1b80d432baa462a73a345d002779b818"}
,"C:\\Users\\salah\\Desktop\\abdos-2018\\BackEnd\\models\\user\\user.js": {"path":"C:\\Users\\salah\\Desktop\\abdos-2018\\BackEnd\\models\\user\\user.js","statementMap":{"0":{"start":{"line":1,"column":11},"end":{"line":1,"column":36}},"1":{"start":{"line":3,"column":0},"end":{"line":17,"column":2}},"2":{"start":{"line":4,"column":1},"end":{"line":16,"column":3}},"3":{"start":{"line":6,"column":2},"end":{"line":9,"column":3}},"4":{"start":{"line":7,"column":3},"end":{"line":7,"column":17}},"5":{"start":{"line":8,"column":3},"end":{"line":8,"column":10}},"6":{"start":{"line":11,"column":2},"end":{"line":14,"column":5}},"7":{"start":{"line":13,"column":3},"end":{"line":13,"column":25}},"8":{"start":{"line":19,"column":0},"end":{"line":33,"column":2}},"9":{"start":{"line":20,"column":1},"end":{"line":32,"column":4}},"10":{"start":{"line":22,"column":2},"end":{"line":25,"column":3}},"11":{"start":{"line":23,"column":3},"end":{"line":23,"column":17}},"12":{"start":{"line":24,"column":3},"end":{"line":24,"column":10}},"13":{"start":{"line":27,"column":2},"end":{"line":31,"column":5}},"14":{"start":{"line":28,"column":3},"end":{"line":28,"column":22}},"15":{"start":{"line":29,"column":3},"end":{"line":29,"column":25}}},"fnMap":{"0":{"name":"(anonymous_0)","decl":{"start":{"line":3,"column":21},"end":{"line":3,"column":22}},"loc":{"start":{"line":3,"column":60},"end":{"line":17,"column":1}},"line":3},"1":{"name":"(anonymous_1)","decl":{"start":{"line":4,"column":21},"end":{"line":4,"column":22}},"loc":{"start":{"line":4,"column":42},"end":{"line":16,"column":2}},"line":4},"2":{"name":"(anonymous_2)","decl":{"start":{"line":11,"column":254},"end":{"line":11,"column":255}},"loc":{"start":{"line":11,"column":277},"end":{"line":14,"column":3}},"line":11},"3":{"name":"(anonymous_3)","decl":{"start":{"line":19,"column":24},"end":{"line":19,"column":25}},"loc":{"start":{"line":19,"column":53},"end":{"line":33,"column":1}},"line":19},"4":{"name":"(anonymous_4)","decl":{"start":{"line":20,"column":21},"end":{"line":20,"column":22}},"loc":{"start":{"line":20,"column":42},"end":{"line":32,"column":2}},"line":20},"5":{"name":"(anonymous_5)","decl":{"start":{"line":27,"column":49},"end":{"line":27,"column":50}},"loc":{"start":{"line":27,"column":72},"end":{"line":31,"column":3}},"line":27}},"branchMap":{"0":{"loc":{"start":{"line":6,"column":2},"end":{"line":9,"column":3}},"type":"if","locations":[{"start":{"line":6,"column":2},"end":{"line":9,"column":3}},{"start":{"line":6,"column":2},"end":{"line":9,"column":3}}],"line":6},"1":{"loc":{"start":{"line":22,"column":2},"end":{"line":25,"column":3}},"type":"if","locations":[{"start":{"line":22,"column":2},"end":{"line":25,"column":3}},{"start":{"line":22,"column":2},"end":{"line":25,"column":3}}],"line":22}},"s":{"0":2,"1":2,"2":3,"3":4,"4":1,"5":1,"6":3,"7":3,"8":2,"9":3,"10":4,"11":1,"12":1,"13":3,"14":3,"15":3},"f":{"0":3,"1":4,"2":3,"3":3,"4":4,"5":3},"b":{"0":[1,3],"1":[1,3]},"_coverageSchema":"332fd63041d2c1bcb487cc26dd0d5f7d97098a6c","hash":"dda03d18585629edd8ce49c96b0d79425db607cd"}
}
