TN:
SF:C:\Users\salah\Desktop\abdos-2018\BackEnd\app.js
FN:24,(anonymous_0)
FN:26,(anonymous_1)
FN:33,(anonymous_2)
FN:48,(anonymous_3)
FN:56,(anonymous_4)
FN:66,(anonymous_5)
FN:76,(anonymous_6)
FN:78,(anonymous_7)
FN:87,(anonymous_8)
FN:91,(anonymous_9)
FNF:10
FNH:10
FNDA:1,(anonymous_0)
FNDA:1,(anonymous_1)
FNDA:1,(anonymous_2)
FNDA:1,(anonymous_3)
FNDA:1,(anonymous_4)
FNDA:1,(anonymous_5)
FNDA:1,(anonymous_6)
FNDA:1,(anonymous_7)
FNDA:1,(anonymous_8)
FNDA:1,(anonymous_9)
DA:1,1
DA:2,1
DA:3,1
DA:4,1
DA:6,1
DA:7,1
DA:8,1
DA:9,1
DA:10,1
DA:12,1
DA:13,1
DA:14,1
DA:15,1
DA:17,1
DA:24,1
DA:26,1
DA:28,1
DA:29,1
DA:33,1
DA:35,1
DA:48,1
DA:50,1
DA:51,1
DA:56,1
DA:58,1
DA:66,1
DA:68,1
DA:69,1
DA:76,1
DA:78,1
DA:80,1
DA:81,1
DA:87,1
DA:89,1
DA:91,1
DA:93,1
DA:94,1
DA:95,1
DA:96,1
DA:98,0
DA:102,1
LF:41
LH:40
BRDA:93,0,0,1
BRDA:93,0,1,0
BRF:2
BRH:1
end_of_record
TN:
SF:C:\Users\salah\Desktop\abdos-2018\BackEnd\database.js
FN:3,(anonymous_0)
FN:11,(anonymous_1)
FNF:2
FNH:2
FNDA:16,(anonymous_0)
FNDA:16,(anonymous_1)
DA:1,5
DA:3,5
DA:5,16
DA:11,16
DA:12,16
DA:13,16
LF:6
LH:6
BRDA:12,0,0,5
BRDA:12,0,1,11
BRF:2
BRH:2
end_of_record
TN:
SF:C:\Users\salah\Desktop\abdos-2018\BackEnd\models\authentication\authentication.js
FN:3,(anonymous_0)
FN:25,(anonymous_1)
FN:33,(anonymous_2)
FNF:3
FNH:3
FNDA:6,(anonymous_0)
FNDA:4,(anonymous_1)
FNDA:3,(anonymous_2)
DA:1,2
DA:3,2
DA:5,6
DA:7,2
DA:11,2
DA:12,2
DA:15,4
DA:17,1
DA:21,1
DA:22,1
DA:25,3
DA:27,4
DA:28,1
DA:29,1
DA:30,1
DA:33,3
DA:35,3
DA:36,1
DA:37,1
DA:38,1
DA:42,2
DA:43,1
DA:46,1
DA:50,1
LF:24
LH:24
BRDA:5,0,0,2
BRDA:5,0,1,4
BRDA:5,1,0,6
BRDA:5,1,1,6
BRDA:15,2,0,1
BRDA:15,2,1,3
BRDA:15,3,0,4
BRDA:15,3,1,4
BRDA:15,3,2,3
BRDA:27,4,0,1
BRDA:27,4,1,3
BRDA:35,5,0,1
BRDA:35,5,1,2
BRDA:42,6,0,1
BRDA:42,6,1,1
BRDA:42,7,0,2
BRDA:42,7,1,2
BRF:17
BRH:17
end_of_record
TN:
SF:C:\Users\salah\Desktop\abdos-2018\BackEnd\models\items\items.js
FN:3,(anonymous_0)
FN:4,(anonymous_1)
FN:11,(anonymous_2)
FN:19,(anonymous_3)
FN:20,(anonymous_4)
FN:26,(anonymous_5)
FNF:6
FNH:6
FNDA:3,(anonymous_0)
FNDA:4,(anonymous_1)
FNDA:3,(anonymous_2)
FNDA:3,(anonymous_3)
FNDA:4,(anonymous_4)
FNDA:3,(anonymous_5)
DA:1,2
DA:3,2
DA:4,3
DA:6,4
DA:7,1
DA:8,1
DA:11,3
DA:13,3
DA:19,2
DA:20,3
DA:22,4
DA:23,1
DA:24,1
DA:26,3
DA:28,3
LF:15
LH:15
BRDA:6,0,0,1
BRDA:6,0,1,3
BRDA:22,1,0,1
BRDA:22,1,1,3
BRF:4
BRH:4
end_of_record
TN:
SF:C:\Users\salah\Desktop\abdos-2018\BackEnd\models\user\user.js
FN:3,(anonymous_0)
FN:4,(anonymous_1)
FN:11,(anonymous_2)
FN:19,(anonymous_3)
FN:20,(anonymous_4)
FN:27,(anonymous_5)
FNF:6
FNH:6
FNDA:3,(anonymous_0)
FNDA:4,(anonymous_1)
FNDA:3,(anonymous_2)
FNDA:3,(anonymous_3)
FNDA:4,(anonymous_4)
FNDA:3,(anonymous_5)
DA:1,2
DA:3,2
DA:4,3
DA:6,4
DA:7,1
DA:8,1
DA:11,3
DA:13,3
DA:19,2
DA:20,3
DA:22,4
DA:23,1
DA:24,1
DA:27,3
DA:28,3
DA:29,3
LF:16
LH:16
BRDA:6,0,0,1
BRDA:6,0,1,3
BRDA:22,1,0,1
BRDA:22,1,1,3
BRF:4
BRH:4
end_of_record
